# JRE version: OpenJDK Runtime Environment (7.0_65-b32) (build 1.7.0_65-b32)
# Java VM: OpenJDK 64-Bit Server VM (24.65-b04 mixed mode linux-amd64 compressed oops)
Heap
 PSYoungGen      total 70144K, used 3552K [0x00000000e1700000, 0x00000000e7c00000, 0x0000000100000000)
  eden space 66560K, 0% used [0x00000000e1700000,0x00000000e1700000,0x00000000e5800000)
  from space 3584K, 99% used [0x00000000e7500000,0x00000000e7878010,0x00000000e7880000)
  to   space 3584K, 0% used [0x00000000e7880000,0x00000000e7880000,0x00000000e7c00000)
 ParOldGen       total 117760K, used 112232K [0x00000000a4600000, 0x00000000ab900000, 0x00000000e1700000)
  object space 117760K, 95% used [0x00000000a4600000,0x00000000ab39a1e8,0x00000000ab900000)
 PSPermGen       total 21504K, used 5117K [0x000000009a000000, 0x000000009b500000, 0x00000000a4600000)
  object space 21504K, 23% used [0x000000009a000000,0x000000009a4ff488,0x000000009b500000)
GC Heap History (10 events):
Event: 1.798 GC heap after
Heap after GC invocations=1 (full 0):
 PSYoungGen      total 27648K, used 3552K [0x00000000e1700000, 0x00000000e4d00000, 0x0000000100000000)
  eden space 24064K, 0% used [0x00000000e1700000,0x00000000e1700000,0x00000000e2e80000)
  from space 3584K, 99% used [0x00000000e2e80000,0x00000000e31f8050,0x00000000e3200000)
  to   space 3584K, 0% used [0x00000000e4980000,0x00000000e4980000,0x00000000e4d00000)
 ParOldGen       total 62464K, used 11826K [0x00000000a4600000, 0x00000000a8300000, 0x00000000e1700000)
  object space 62464K, 18% used [0x00000000a4600000,0x00000000a518ca98,0x00000000a8300000)
 PSPermGen       total 21504K, used 4959K [0x000000009a000000, 0x000000009b500000, 0x00000000a4600000)
  object space 21504K, 23% used [0x000000009a000000,0x000000009a4d7f88,0x000000009b500000)
}
Event: 2.401 GC heap before
{Heap before GC invocations=2 (full 0):
 PSYoungGen      total 27648K, used 27616K [0x00000000e1700000, 0x00000000e4d00000, 0x0000000100000000)
  eden space 24064K, 100% used [0x00000000e1700000,0x00000000e2e80000,0x00000000e2e80000)
  from space 3584K, 99% used [0x00000000e2e80000,0x00000000e31f8050,0x00000000e3200000)
  to   space 3584K, 0% used [0x00000000e4980000,0x00000000e4980000,0x00000000e4d00000)
 ParOldGen       total 62464K, used 11826K [0x00000000a4600000, 0x00000000a8300000, 0x00000000e1700000)
  object space 62464K, 18% used [0x00000000a4600000,0x00000000a518ca98,0x00000000a8300000)
 PSPermGen       total 21504K, used 5117K [0x000000009a000000, 0x000000009b500000, 0x00000000a4600000)
  object space 21504K, 23% used [0x000000009a000000,0x000000009a4ff790,0x000000009b500000)
Event: 2.452 GC heap after
Heap after GC invocations=2 (full 0):
 PSYoungGen      total 51712K, used 3576K [0x00000000e1700000, 0x00000000e4d00000, 0x0000000100000000)
  eden space 48128K, 0% used [0x00000000e1700000,0x00000000e1700000,0x00000000e4600000)
  from space 3584K, 99% used [0x00000000e4980000,0x00000000e4cfe050,0x00000000e4d00000)
  to   space 3584K, 0% used [0x00000000e4600000,0x00000000e4600000,0x00000000e4980000)
 ParOldGen       total 62464K, used 27179K [0x00000000a4600000, 0x00000000a8300000, 0x00000000e1700000)
  object space 62464K, 43% used [0x00000000a4600000,0x00000000a608afa0,0x00000000a8300000)
 PSPermGen       total 21504K, used 5117K [0x000000009a000000, 0x000000009b500000, 0x00000000a4600000)
  object space 21504K, 23% used [0x000000009a000000,0x000000009a4ff790,0x000000009b500000)
}
Event: 2.599 GC heap before
{Heap before GC invocations=3 (full 0):
 PSYoungGen      total 51712K, used 51463K [0x00000000e1700000, 0x00000000e4d00000, 0x0000000100000000)
  eden space 48128K, 99% used [0x00000000e1700000,0x00000000e45c3dd8,0x00000000e4600000)
  from space 3584K, 99% used [0x00000000e4980000,0x00000000e4cfe050,0x00000000e4d00000)
  to   space 3584K, 0% used [0x00000000e4600000,0x00000000e4600000,0x00000000e4980000)
 ParOldGen       total 62464K, used 27179K [0x00000000a4600000, 0x00000000a8300000, 0x00000000e1700000)
  object space 62464K, 43% used [0x00000000a4600000,0x00000000a608afa0,0x00000000a8300000)
 PSPermGen       total 21504K, used 5118K [0x000000009a000000, 0x000000009b500000, 0x00000000a4600000)
  object space 21504K, 23% used [0x000000009a000000,0x000000009a4ff838,0x000000009b500000)
Event: 2.703 GC heap after
Heap after GC invocations=3 (full 0):
 PSYoungGen      total 51712K, used 3552K [0x00000000e1700000, 0x00000000e7c00000, 0x0000000100000000)
  eden space 48128K, 0% used [0x00000000e1700000,0x00000000e1700000,0x00000000e4600000)
  from space 3584K, 99% used [0x00000000e4600000,0x00000000e4978040,0x00000000e4980000)
  to   space 3584K, 0% used [0x00000000e7880000,0x00000000e7880000,0x00000000e7c00000)
 ParOldGen       total 62464K, used 50683K [0x00000000a4600000, 0x00000000a8300000, 0x00000000e1700000)
  object space 62464K, 81% used [0x00000000a4600000,0x00000000a777efb0,0x00000000a8300000)
 PSPermGen       total 21504K, used 5118K [0x000000009a000000, 0x000000009b500000, 0x00000000a4600000)
  object space 21504K, 23% used [0x000000009a000000,0x000000009a4ff838,0x000000009b500000)
}
Event: 2.724 GC heap before
{Heap before GC invocations=4 (full 1):
 PSYoungGen      total 51712K, used 3552K [0x00000000e1700000, 0x00000000e7c00000, 0x0000000100000000)
  eden space 48128K, 0% used [0x00000000e1700000,0x00000000e1700000,0x00000000e4600000)
  from space 3584K, 99% used [0x00000000e4600000,0x00000000e4978040,0x00000000e4980000)
  to   space 3584K, 0% used [0x00000000e7880000,0x00000000e7880000,0x00000000e7c00000)
 ParOldGen       total 62464K, used 50683K [0x00000000a4600000, 0x00000000a8300000, 0x00000000e1700000)
  object space 62464K, 81% used [0x00000000a4600000,0x00000000a777efb0,0x00000000a8300000)
 PSPermGen       total 21504K, used 5118K [0x000000009a000000, 0x000000009b500000, 0x00000000a4600000)
  object space 21504K, 23% used [0x000000009a000000,0x000000009a4ff838,0x000000009b500000)
Event: 3.569 GC heap after
Heap after GC invocations=4 (full 1):
 PSYoungGen      total 51712K, used 0K [0x00000000e1700000, 0x00000000e7c00000, 0x0000000100000000)
  eden space 48128K, 0% used [0x00000000e1700000,0x00000000e1700000,0x00000000e4600000)
  from space 3584K, 0% used [0x00000000e4600000,0x00000000e4600000,0x00000000e4980000)
  to   space 3584K, 0% used [0x00000000e7880000,0x00000000e7880000,0x00000000e7c00000)
 ParOldGen       total 117760K, used 53296K [0x00000000a4600000, 0x00000000ab900000, 0x00000000e1700000)
  object space 117760K, 45% used [0x00000000a4600000,0x00000000a7a0c1b8,0x00000000ab900000)
 PSPermGen       total 21504K, used 5116K [0x000000009a000000, 0x000000009b500000, 0x00000000a4600000)
  object space 21504K, 23% used [0x000000009a000000,0x000000009a4ff320,0x000000009b500000)
}
Event: 3.679 GC heap before
{Heap before GC invocations=5 (full 1):
 PSYoungGen      total 51712K, used 48128K [0x00000000e1700000, 0x00000000e7c00000, 0x0000000100000000)
  eden space 48128K, 100% used [0x00000000e1700000,0x00000000e4600000,0x00000000e4600000)
  from space 3584K, 0% used [0x00000000e4600000,0x00000000e4600000,0x00000000e4980000)
  to   space 3584K, 0% used [0x00000000e7880000,0x00000000e7880000,0x00000000e7c00000)
 ParOldGen       total 117760K, used 53296K [0x00000000a4600000, 0x00000000ab900000, 0x00000000e1700000)
  object space 117760K, 45% used [0x00000000a4600000,0x00000000a7a0c1b8,0x00000000ab900000)
 PSPermGen       total 21504K, used 5116K [0x000000009a000000, 0x000000009b500000, 0x00000000a4600000)
  object space 21504K, 23% used [0x000000009a000000,0x000000009a4ff320,0x000000009b500000)
Event: 3.802 GC heap after
Heap after GC invocations=5 (full 1):
 PSYoungGen      total 70144K, used 3552K [0x00000000e1700000, 0x00000000e7c00000, 0x0000000100000000)
  eden space 66560K, 0% used [0x00000000e1700000,0x00000000e1700000,0x00000000e5800000)
  from space 3584K, 99% used [0x00000000e7880000,0x00000000e7bf8020,0x00000000e7c00000)
  to   space 3584K, 0% used [0x00000000e7500000,0x00000000e7500000,0x00000000e7880000)
 ParOldGen       total 117760K, used 76616K [0x00000000a4600000, 0x00000000ab900000, 0x00000000e1700000)
  object space 117760K, 65% used [0x00000000a4600000,0x00000000a90d21c8,0x00000000ab900000)
 PSPermGen       total 21504K, used 5116K [0x000000009a000000, 0x000000009b500000, 0x00000000a4600000)
  object space 21504K, 23% used [0x000000009a000000,0x000000009a4ff320,0x000000009b500000)
}
Event: 4.014 GC heap before
{Heap before GC invocations=6 (full 1):
 PSYoungGen      total 70144K, used 70112K [0x00000000e1700000, 0x00000000e7c00000, 0x0000000100000000)
  eden space 66560K, 100% used [0x00000000e1700000,0x00000000e5800000,0x00000000e5800000)
  from space 3584K, 99% used [0x00000000e7880000,0x00000000e7bf8020,0x00000000e7c00000)
  to   space 3584K, 0% used [0x00000000e7500000,0x00000000e7500000,0x00000000e7880000)
 ParOldGen       total 117760K, used 76616K [0x00000000a4600000, 0x00000000ab900000, 0x00000000e1700000)
  object space 117760K, 65% used [0x00000000a4600000,0x00000000a90d21c8,0x00000000ab900000)
 PSPermGen       total 21504K, used 5117K [0x000000009a000000, 0x000000009b500000, 0x00000000a4600000)
  object space 21504K, 23% used [0x000000009a000000,0x000000009a4ff488,0x000000009b500000)

