# JRE version: OpenJDK Runtime Environment (7.0_65-b32) (build 1.7.0_65-b32)
# Java VM: OpenJDK 64-Bit Server VM (24.65-b04 mixed mode linux-amd64 compressed oops)
Heap
 PSYoungGen      total 73216K, used 3584K [0x00000000e1700000, 0x00000000e7c00000, 0x0000000100000000)
  eden space 69632K, 0% used [0x00000000e1700000,0x00000000e1700000,0x00000000e5b00000)
  from space 3584K, 100% used [0x00000000e7500000,0x00000000e7880000,0x00000000e7880000)
  to   space 3584K, 0% used [0x00000000e7880000,0x00000000e7880000,0x00000000e7c00000)
 ParOldGen       total 118272K, used 117246K [0x00000000a4600000, 0x00000000ab980000, 0x00000000e1700000)
  object space 118272K, 99% used [0x00000000a4600000,0x00000000ab87f988,0x00000000ab980000)
 PSPermGen       total 21504K, used 5117K [0x000000009a000000, 0x000000009b500000, 0x00000000a4600000)
  object space 21504K, 23% used [0x000000009a000000,0x000000009a4ff488,0x000000009b500000)
GC Heap History (10 events):
Event: 1.573 GC heap after
Heap after GC invocations=1 (full 0):
 PSYoungGen      total 27648K, used 3568K [0x00000000e1700000, 0x00000000e4d00000, 0x0000000100000000)
  eden space 24064K, 0% used [0x00000000e1700000,0x00000000e1700000,0x00000000e2e80000)
  from space 3584K, 99% used [0x00000000e2e80000,0x00000000e31fc040,0x00000000e3200000)
  to   space 3584K, 0% used [0x00000000e4980000,0x00000000e4980000,0x00000000e4d00000)
 ParOldGen       total 62464K, used 11808K [0x00000000a4600000, 0x00000000a8300000, 0x00000000e1700000)
  object space 62464K, 18% used [0x00000000a4600000,0x00000000a5188330,0x00000000a8300000)
 PSPermGen       total 21504K, used 4959K [0x000000009a000000, 0x000000009b500000, 0x00000000a4600000)
  object space 21504K, 23% used [0x000000009a000000,0x000000009a4d7f88,0x000000009b500000)
}
Event: 2.202 GC heap before
{Heap before GC invocations=2 (full 0):
 PSYoungGen      total 27648K, used 27632K [0x00000000e1700000, 0x00000000e4d00000, 0x0000000100000000)
  eden space 24064K, 100% used [0x00000000e1700000,0x00000000e2e80000,0x00000000e2e80000)
  from space 3584K, 99% used [0x00000000e2e80000,0x00000000e31fc040,0x00000000e3200000)
  to   space 3584K, 0% used [0x00000000e4980000,0x00000000e4980000,0x00000000e4d00000)
 ParOldGen       total 62464K, used 11808K [0x00000000a4600000, 0x00000000a8300000, 0x00000000e1700000)
  object space 62464K, 18% used [0x00000000a4600000,0x00000000a5188330,0x00000000a8300000)
 PSPermGen       total 21504K, used 5117K [0x000000009a000000, 0x000000009b500000, 0x00000000a4600000)
  object space 21504K, 23% used [0x000000009a000000,0x000000009a4ff790,0x000000009b500000)
Event: 2.256 GC heap after
Heap after GC invocations=2 (full 0):
 PSYoungGen      total 51712K, used 3560K [0x00000000e1700000, 0x00000000e4d00000, 0x0000000100000000)
  eden space 48128K, 0% used [0x00000000e1700000,0x00000000e1700000,0x00000000e4600000)
  from space 3584K, 99% used [0x00000000e4980000,0x00000000e4cfa060,0x00000000e4d00000)
  to   space 3584K, 0% used [0x00000000e4600000,0x00000000e4600000,0x00000000e4980000)
 ParOldGen       total 62464K, used 31297K [0x00000000a4600000, 0x00000000a8300000, 0x00000000e1700000)
  object space 62464K, 50% used [0x00000000a4600000,0x00000000a64907f8,0x00000000a8300000)
 PSPermGen       total 21504K, used 5117K [0x000000009a000000, 0x000000009b500000, 0x00000000a4600000)
  object space 21504K, 23% used [0x000000009a000000,0x000000009a4ff790,0x000000009b500000)
}
Event: 2.387 GC heap before
{Heap before GC invocations=3 (full 0):
 PSYoungGen      total 51712K, used 51447K [0x00000000e1700000, 0x00000000e4d00000, 0x0000000100000000)
  eden space 48128K, 99% used [0x00000000e1700000,0x00000000e45c3e60,0x00000000e4600000)
  from space 3584K, 99% used [0x00000000e4980000,0x00000000e4cfa060,0x00000000e4d00000)
  to   space 3584K, 0% used [0x00000000e4600000,0x00000000e4600000,0x00000000e4980000)
 ParOldGen       total 62464K, used 31297K [0x00000000a4600000, 0x00000000a8300000, 0x00000000e1700000)
  object space 62464K, 50% used [0x00000000a4600000,0x00000000a64907f8,0x00000000a8300000)
 PSPermGen       total 21504K, used 5118K [0x000000009a000000, 0x000000009b500000, 0x00000000a4600000)
  object space 21504K, 23% used [0x000000009a000000,0x000000009a4ff838,0x000000009b500000)
Event: 2.489 GC heap after
Heap after GC invocations=3 (full 0):
 PSYoungGen      total 51712K, used 3568K [0x00000000e1700000, 0x00000000e7c00000, 0x0000000100000000)
  eden space 48128K, 0% used [0x00000000e1700000,0x00000000e1700000,0x00000000e4600000)
  from space 3584K, 99% used [0x00000000e4600000,0x00000000e497c030,0x00000000e4980000)
  to   space 3584K, 0% used [0x00000000e7880000,0x00000000e7880000,0x00000000e7c00000)
 ParOldGen       total 62464K, used 55138K [0x00000000a4600000, 0x00000000a8300000, 0x00000000e1700000)
  object space 62464K, 88% used [0x00000000a4600000,0x00000000a7bd8818,0x00000000a8300000)
 PSPermGen       total 21504K, used 5118K [0x000000009a000000, 0x000000009b500000, 0x00000000a4600000)
  object space 21504K, 23% used [0x000000009a000000,0x000000009a4ff838,0x000000009b500000)
}
Event: 2.514 GC heap before
{Heap before GC invocations=4 (full 1):
 PSYoungGen      total 51712K, used 3568K [0x00000000e1700000, 0x00000000e7c00000, 0x0000000100000000)
  eden space 48128K, 0% used [0x00000000e1700000,0x00000000e1700000,0x00000000e4600000)
  from space 3584K, 99% used [0x00000000e4600000,0x00000000e497c030,0x00000000e4980000)
  to   space 3584K, 0% used [0x00000000e7880000,0x00000000e7880000,0x00000000e7c00000)
 ParOldGen       total 62464K, used 55138K [0x00000000a4600000, 0x00000000a8300000, 0x00000000e1700000)
  object space 62464K, 88% used [0x00000000a4600000,0x00000000a7bd8818,0x00000000a8300000)
 PSPermGen       total 21504K, used 5118K [0x000000009a000000, 0x000000009b500000, 0x00000000a4600000)
  object space 21504K, 23% used [0x000000009a000000,0x000000009a4ff838,0x000000009b500000)
Event: 3.102 GC heap after
Heap after GC invocations=4 (full 1):
 PSYoungGen      total 51712K, used 0K [0x00000000e1700000, 0x00000000e7c00000, 0x0000000100000000)
  eden space 48128K, 0% used [0x00000000e1700000,0x00000000e1700000,0x00000000e4600000)
  from space 3584K, 0% used [0x00000000e4600000,0x00000000e4600000,0x00000000e4980000)
  to   space 3584K, 0% used [0x00000000e7880000,0x00000000e7880000,0x00000000e7c00000)
 ParOldGen       total 118272K, used 53310K [0x00000000a4600000, 0x00000000ab980000, 0x00000000e1700000)
  object space 118272K, 45% used [0x00000000a4600000,0x00000000a7a0f928,0x00000000ab980000)
 PSPermGen       total 21504K, used 5116K [0x000000009a000000, 0x000000009b500000, 0x00000000a4600000)
  object space 21504K, 23% used [0x000000009a000000,0x000000009a4ff320,0x000000009b500000)
}
Event: 3.298 GC heap before
{Heap before GC invocations=5 (full 1):
 PSYoungGen      total 51712K, used 48128K [0x00000000e1700000, 0x00000000e7c00000, 0x0000000100000000)
  eden space 48128K, 100% used [0x00000000e1700000,0x00000000e4600000,0x00000000e4600000)
  from space 3584K, 0% used [0x00000000e4600000,0x00000000e4600000,0x00000000e4980000)
  to   space 3584K, 0% used [0x00000000e7880000,0x00000000e7880000,0x00000000e7c00000)
 ParOldGen       total 118272K, used 53310K [0x00000000a4600000, 0x00000000ab980000, 0x00000000e1700000)
  object space 118272K, 45% used [0x00000000a4600000,0x00000000a7a0f928,0x00000000ab980000)
 PSPermGen       total 21504K, used 5116K [0x000000009a000000, 0x000000009b500000, 0x00000000a4600000)
  object space 21504K, 23% used [0x000000009a000000,0x000000009a4ff320,0x000000009b500000)
Event: 3.356 GC heap after
Heap after GC invocations=5 (full 1):
 PSYoungGen      total 73216K, used 3584K [0x00000000e1700000, 0x00000000e7c00000, 0x0000000100000000)
  eden space 69632K, 0% used [0x00000000e1700000,0x00000000e1700000,0x00000000e5b00000)
  from space 3584K, 100% used [0x00000000e7880000,0x00000000e7c00000,0x00000000e7c00000)
  to   space 3584K, 0% used [0x00000000e7500000,0x00000000e7500000,0x00000000e7880000)
 ParOldGen       total 118272K, used 76590K [0x00000000a4600000, 0x00000000ab980000, 0x00000000e1700000)
  object space 118272K, 64% used [0x00000000a4600000,0x00000000a90cb958,0x00000000ab980000)
 PSPermGen       total 21504K, used 5116K [0x000000009a000000, 0x000000009b500000, 0x00000000a4600000)
  object space 21504K, 23% used [0x000000009a000000,0x000000009a4ff320,0x000000009b500000)
}
Event: 3.648 GC heap before
{Heap before GC invocations=6 (full 1):
 PSYoungGen      total 73216K, used 73216K [0x00000000e1700000, 0x00000000e7c00000, 0x0000000100000000)
  eden space 69632K, 100% used [0x00000000e1700000,0x00000000e5b00000,0x00000000e5b00000)
  from space 3584K, 100% used [0x00000000e7880000,0x00000000e7c00000,0x00000000e7c00000)
  to   space 3584K, 0% used [0x00000000e7500000,0x00000000e7500000,0x00000000e7880000)
 ParOldGen       total 118272K, used 76590K [0x00000000a4600000, 0x00000000ab980000, 0x00000000e1700000)
  object space 118272K, 64% used [0x00000000a4600000,0x00000000a90cb958,0x00000000ab980000)
 PSPermGen       total 21504K, used 5117K [0x000000009a000000, 0x000000009b500000, 0x00000000a4600000)
  object space 21504K, 23% used [0x000000009a000000,0x000000009a4ff488,0x000000009b500000)

